<?xml version="1.0" encoding="UTF-8"?>
<testng-results ignored="0" total="1" passed="1" failed="0" skipped="0">
  <reporter-output>
  </reporter-output>
  <suite started-at="2021-05-15T09:44:59Z" name="Suite" finished-at="2021-05-15T09:45:03Z" duration-ms="4001">
    <groups>
    </groups>
    <test started-at="2021-05-15T09:44:59Z" name="Test" finished-at="2021-05-15T09:45:03Z" duration-ms="4001">
      <class name="sonarqubeproject.SonarqubeProject">
        <test-method signature="sonarqubeproject()[pri:0, instance:sonarqubeproject.SonarqubeProject@475c9c31]" started-at="2021-05-15T09:44:59Z" name="sonarqubeproject" finished-at="2021-05-15T09:45:03Z" duration-ms="3985" status="PASS">
          <reporter-output>
          </reporter-output>
        </test-method> <!-- sonarqubeproject -->
      </class> <!-- sonarqubeproject.SonarqubeProject -->
    </test> <!-- Test -->
  </suite> <!-- Suite -->
</testng-results>
